0 info it worked if it ends with ok
1 verbose cli [ '/Users/ryan/.nvm/versions/node/v5.10.1/bin/node',
1 verbose cli   '/Users/ryan/.nvm/versions/node/v5.10.1/bin/npm',
1 verbose cli   'publish' ]
2 info using npm@3.8.3
3 info using node@v5.10.1
4 verbose publish [ '.' ]
5 silly cache add args [ '.', null ]
6 verbose cache add spec .
7 silly cache add parsed spec Result {
7 silly cache add   raw: '.',
7 silly cache add   scope: null,
7 silly cache add   name: null,
7 silly cache add   rawSpec: '.',
7 silly cache add   spec: '/Users/ryan/html-minifier-stream',
7 silly cache add   type: 'directory' }
8 verbose addLocalDirectory /Users/ryan/.npm/html-minifier-stream/0.0.1/package.tgz not in flight; packing
9 verbose correctMkdir /Users/ryan/.npm correctMkdir not in flight; initializing
10 info lifecycle html-minifier-stream@0.0.1~prepublish: html-minifier-stream@0.0.1
11 silly lifecycle html-minifier-stream@0.0.1~prepublish: no script for prepublish, continuing
12 verbose tar pack [ '/Users/ryan/.npm/html-minifier-stream/0.0.1/package.tgz',
12 verbose tar pack   '/Users/ryan/html-minifier-stream' ]
13 verbose tarball /Users/ryan/.npm/html-minifier-stream/0.0.1/package.tgz
14 verbose folder /Users/ryan/html-minifier-stream
15 verbose addLocalTarball adding from inside cache /Users/ryan/.npm/html-minifier-stream/0.0.1/package.tgz
16 verbose correctMkdir /Users/ryan/.npm correctMkdir not in flight; initializing
17 silly cache afterAdd html-minifier-stream@0.0.1
18 verbose afterAdd /Users/ryan/.npm/html-minifier-stream/0.0.1/package/package.json not in flight; writing
19 verbose correctMkdir /Users/ryan/.npm correctMkdir not in flight; initializing
20 verbose afterAdd /Users/ryan/.npm/html-minifier-stream/0.0.1/package/package.json written
21 silly publish { name: 'html-minifier-stream',
21 silly publish   version: '0.0.1',
21 silly publish   description: 'Stream interface for html-minifier',
21 silly publish   main: 'index.js',
21 silly publish   scripts:
21 silly publish    { version: 'git add -A',
21 silly publish      postversion: 'git push origin head && git push --tags' },
21 silly publish   repository:
21 silly publish    { type: 'git',
21 silly publish      url: 'git+https://github.com/gomoto/html-minifier-stream.git' },
21 silly publish   bugs: { url: 'https://github.com/gomoto/html-minifier-stream/issues' },
21 silly publish   license: 'MIT',
21 silly publish   dependencies: { 'html-minifier': '^3.1.1', 'readable-stream': '^2.2.1' },
21 silly publish   readme: '# html-minifier-stream\n\nStream interface for [html-minifier](https://github.com/kangax/html-minifier).\n\n## Usage\n\n```\nfs.createReadStream(\'index.html\')\n.pipe(htmlMinifierStream([options]))\n.pipe(fs.createWriteStream(\'minified.html\'));\n```\n\nOptions are html-minifier options.\n',
21 silly publish   readmeFilename: 'README.md',
21 silly publish   gitHead: '2677919617ee413b33e3a1ba507a0ee1a80bda12',
21 silly publish   homepage: 'https://github.com/gomoto/html-minifier-stream#readme',
21 silly publish   _id: 'html-minifier-stream@0.0.1',
21 silly publish   _shasum: '895b43d42f34f911c25980ec90c83dda44598ad2',
21 silly publish   _from: '.' }
22 verbose getPublishConfig undefined
23 silly mapToRegistry name html-minifier-stream
24 silly mapToRegistry using default registry
25 silly mapToRegistry registry https://registry.npmjs.org/
26 silly mapToRegistry data Result {
26 silly mapToRegistry   raw: 'html-minifier-stream',
26 silly mapToRegistry   scope: null,
26 silly mapToRegistry   name: 'html-minifier-stream',
26 silly mapToRegistry   rawSpec: '',
26 silly mapToRegistry   spec: 'latest',
26 silly mapToRegistry   type: 'tag' }
27 silly mapToRegistry uri https://registry.npmjs.org/html-minifier-stream
28 verbose publish registryBase https://registry.npmjs.org/
29 silly publish uploading /Users/ryan/.npm/html-minifier-stream/0.0.1/package.tgz
30 verbose request uri https://registry.npmjs.org/html-minifier-stream
31 verbose request sending authorization for write operation
32 info attempt registry request try #1 at 4:21:40 AM
33 verbose request using bearer token for auth
34 verbose request id 362c3845ee590c35
35 http request PUT https://registry.npmjs.org/html-minifier-stream
36 http 403 https://registry.npmjs.org/html-minifier-stream
37 verbose headers { 'content-type': 'application/json',
37 verbose headers   'cache-control': 'max-age=300',
37 verbose headers   'content-length': '128',
37 verbose headers   'accept-ranges': 'bytes',
37 verbose headers   date: 'Sat, 12 Nov 2016 12:21:40 GMT',
37 verbose headers   via: '1.1 varnish',
37 verbose headers   connection: 'keep-alive',
37 verbose headers   'x-served-by': 'cache-sea1927-SEA',
37 verbose headers   'x-cache': 'MISS',
37 verbose headers   'x-cache-hits': '0',
37 verbose headers   'x-timer': 'S1478953300.899396,VS0,VE77',
37 verbose headers   vary: 'Accept-Encoding' }
38 verbose request invalidating /Users/ryan/.npm/registry.npmjs.org/html-minifier-stream on PUT
39 error publish Failed PUT 403
40 verbose stack Error: "You cannot publish over the previously published version 0.0.1. Try bumping the version to 1.0.0" : html-minifier-stream
40 verbose stack     at makeError (/Users/ryan/.nvm/versions/node/v5.10.1/lib/node_modules/npm/node_modules/npm-registry-client/lib/request.js:264:12)
40 verbose stack     at CachingRegistryClient.<anonymous> (/Users/ryan/.nvm/versions/node/v5.10.1/lib/node_modules/npm/node_modules/npm-registry-client/lib/request.js:252:14)
40 verbose stack     at Request._callback (/Users/ryan/.nvm/versions/node/v5.10.1/lib/node_modules/npm/node_modules/npm-registry-client/lib/request.js:172:14)
40 verbose stack     at Request.self.callback (/Users/ryan/.nvm/versions/node/v5.10.1/lib/node_modules/npm/node_modules/request/request.js:199:22)
40 verbose stack     at emitTwo (events.js:100:13)
40 verbose stack     at Request.emit (events.js:185:7)
40 verbose stack     at Request.<anonymous> (/Users/ryan/.nvm/versions/node/v5.10.1/lib/node_modules/npm/node_modules/request/request.js:1036:10)
40 verbose stack     at emitOne (events.js:95:20)
40 verbose stack     at Request.emit (events.js:182:7)
40 verbose stack     at IncomingMessage.<anonymous> (/Users/ryan/.nvm/versions/node/v5.10.1/lib/node_modules/npm/node_modules/request/request.js:963:12)
41 verbose statusCode 403
42 verbose pkgid html-minifier-stream
43 verbose cwd /Users/ryan/html-minifier-stream
44 error Darwin 16.1.0
45 error argv "/Users/ryan/.nvm/versions/node/v5.10.1/bin/node" "/Users/ryan/.nvm/versions/node/v5.10.1/bin/npm" "publish"
46 error node v5.10.1
47 error npm  v3.8.3
48 error code E403
49 error "You cannot publish over the previously published version 0.0.1. Try bumping the version to 1.0.0" : html-minifier-stream
50 error If you need help, you may report this error at:
50 error     <https://github.com/npm/npm/issues>
51 verbose exit [ 1, true ]
